<?xml version="1.0" encoding="UTF-8"?><testrun name="MyRunner" project="justEat.qa.com" tests="9" started="9" failures="0" errors="14" ignored="2">
  <testsuite name="Runner.MyRunner" time="0.021">
    <testsuite name="Feature: Order food" time="0.021">
      <testsuite name="Scenario: Search for restaurants in an area" time="0.001" incomplete="true">
        <error>cucumber.api.PendingException: TODO: implement me&#13;
	at cucumber.runtime.junit.JUnitReporter.addFailure(JUnitReporter.java:134)&#13;
	at cucumber.runtime.junit.JUnitReporter.addFailureOrIgnoreStep(JUnitReporter.java:122)&#13;
	at cucumber.runtime.junit.JUnitReporter.result(JUnitReporter.java:91)&#13;
	at cucumber.runtime.Runtime.runStep(Runtime.java:280)&#13;
	at cucumber.runtime.model.StepContainer.runStep(StepContainer.java:44)&#13;
	at cucumber.runtime.model.StepContainer.runSteps(StepContainer.java:39)&#13;
	at cucumber.runtime.model.CucumberScenario.run(CucumberScenario.java:48)&#13;
	at cucumber.runtime.junit.ExecutionUnitRunner.run(ExecutionUnitRunner.java:91)&#13;
	at cucumber.runtime.junit.FeatureRunner.runChild(FeatureRunner.java:63)&#13;
	at cucumber.runtime.junit.FeatureRunner.runChild(FeatureRunner.java:18)&#13;
	at org.junit.runners.ParentRunner$3.run(ParentRunner.java:238)&#13;
	at org.junit.runners.ParentRunner$1.schedule(ParentRunner.java:63)&#13;
	at org.junit.runners.ParentRunner.runChildren(ParentRunner.java:236)&#13;
	at org.junit.runners.ParentRunner.access$000(ParentRunner.java:53)&#13;
	at org.junit.runners.ParentRunner$2.evaluate(ParentRunner.java:229)&#13;
	at org.junit.runners.ParentRunner.run(ParentRunner.java:309)&#13;
	at cucumber.runtime.junit.FeatureRunner.run(FeatureRunner.java:70)&#13;
	at cucumber.api.junit.Cucumber.runChild(Cucumber.java:93)&#13;
	at cucumber.api.junit.Cucumber.runChild(Cucumber.java:37)&#13;
	at org.junit.runners.ParentRunner$3.run(ParentRunner.java:238)&#13;
	at org.junit.runners.ParentRunner$1.schedule(ParentRunner.java:63)&#13;
	at org.junit.runners.ParentRunner.runChildren(ParentRunner.java:236)&#13;
	at org.junit.runners.ParentRunner.access$000(ParentRunner.java:53)&#13;
	at org.junit.runners.ParentRunner$2.evaluate(ParentRunner.java:229)&#13;
	at org.junit.runners.ParentRunner.run(ParentRunner.java:309)&#13;
	at cucumber.api.junit.Cucumber.run(Cucumber.java:98)&#13;
	at org.eclipse.jdt.internal.junit4.runner.JUnit4TestReference.run(JUnit4TestReference.java:86)&#13;
	at org.eclipse.jdt.internal.junit.runner.TestExecution.run(TestExecution.java:38)&#13;
	at org.eclipse.jdt.internal.junit.runner.RemoteTestRunner.runTests(RemoteTestRunner.java:538)&#13;
	at org.eclipse.jdt.internal.junit.runner.RemoteTestRunner.runTests(RemoteTestRunner.java:760)&#13;
	at org.eclipse.jdt.internal.junit.runner.RemoteTestRunner.run(RemoteTestRunner.java:460)&#13;
	at org.eclipse.jdt.internal.junit.runner.RemoteTestRunner.main(RemoteTestRunner.java:206)&#13;
&#13;
</error>
        <testcase name="Given I want food in &quot;AR51 1AA&quot;" classname="Scenario: Search for restaurants in an area" time="0.001">
          <error>cucumber.api.PendingException: TODO: implement me&#13;
	at cucumber.runtime.junit.JUnitReporter.addFailure(JUnitReporter.java:134)&#13;
	at cucumber.runtime.junit.JUnitReporter.addFailureOrIgnoreStep(JUnitReporter.java:122)&#13;
	at cucumber.runtime.junit.JUnitReporter.result(JUnitReporter.java:91)&#13;
	at cucumber.runtime.Runtime.runStep(Runtime.java:280)&#13;
	at cucumber.runtime.model.StepContainer.runStep(StepContainer.java:44)&#13;
	at cucumber.runtime.model.StepContainer.runSteps(StepContainer.java:39)&#13;
	at cucumber.runtime.model.CucumberScenario.run(CucumberScenario.java:48)&#13;
	at cucumber.runtime.junit.ExecutionUnitRunner.run(ExecutionUnitRunner.java:91)&#13;
	at cucumber.runtime.junit.FeatureRunner.runChild(FeatureRunner.java:63)&#13;
	at cucumber.runtime.junit.FeatureRunner.runChild(FeatureRunner.java:18)&#13;
	at org.junit.runners.ParentRunner$3.run(ParentRunner.java:238)&#13;
	at org.junit.runners.ParentRunner$1.schedule(ParentRunner.java:63)&#13;
	at org.junit.runners.ParentRunner.runChildren(ParentRunner.java:236)&#13;
	at org.junit.runners.ParentRunner.access$000(ParentRunner.java:53)&#13;
	at org.junit.runners.ParentRunner$2.evaluate(ParentRunner.java:229)&#13;
	at org.junit.runners.ParentRunner.run(ParentRunner.java:309)&#13;
	at cucumber.runtime.junit.FeatureRunner.run(FeatureRunner.java:70)&#13;
	at cucumber.api.junit.Cucumber.runChild(Cucumber.java:93)&#13;
	at cucumber.api.junit.Cucumber.runChild(Cucumber.java:37)&#13;
	at org.junit.runners.ParentRunner$3.run(ParentRunner.java:238)&#13;
	at org.junit.runners.ParentRunner$1.schedule(ParentRunner.java:63)&#13;
	at org.junit.runners.ParentRunner.runChildren(ParentRunner.java:236)&#13;
	at org.junit.runners.ParentRunner.access$000(ParentRunner.java:53)&#13;
	at org.junit.runners.ParentRunner$2.evaluate(ParentRunner.java:229)&#13;
	at org.junit.runners.ParentRunner.run(ParentRunner.java:309)&#13;
	at cucumber.api.junit.Cucumber.run(Cucumber.java:98)&#13;
	at org.eclipse.jdt.internal.junit4.runner.JUnit4TestReference.run(JUnit4TestReference.java:86)&#13;
	at org.eclipse.jdt.internal.junit.runner.TestExecution.run(TestExecution.java:38)&#13;
	at org.eclipse.jdt.internal.junit.runner.RemoteTestRunner.runTests(RemoteTestRunner.java:538)&#13;
	at org.eclipse.jdt.internal.junit.runner.RemoteTestRunner.runTests(RemoteTestRunner.java:760)&#13;
	at org.eclipse.jdt.internal.junit.runner.RemoteTestRunner.run(RemoteTestRunner.java:460)&#13;
	at org.eclipse.jdt.internal.junit.runner.RemoteTestRunner.main(RemoteTestRunner.java:206)&#13;
&#13;
</error>
        </testcase>
        <testcase name="When I search for restaurants" classname="Scenario: Search for restaurants in an area" time="0.001" ignored="true"/>
        <testcase name="Then I should see some restaurants in &quot;AR51 1AA&quot;" classname="Scenario: Search for restaurants in an area" time="0.001" ignored="true"/>
      </testsuite>
      <testsuite name="Scenario: Search for user given restaurant with delivery option" time="0.0" incomplete="true">
        <error>cucumber.api.PendingException: TODO: implement me&#13;
	at cucumber.runtime.junit.JUnitReporter.addFailure(JUnitReporter.java:134)&#13;
	at cucumber.runtime.junit.JUnitReporter.addFailureOrIgnoreStep(JUnitReporter.java:122)&#13;
	at cucumber.runtime.junit.JUnitReporter.result(JUnitReporter.java:91)&#13;
	at cucumber.runtime.Runtime.runStep(Runtime.java:280)&#13;
	at cucumber.runtime.model.StepContainer.runStep(StepContainer.java:44)&#13;
	at cucumber.runtime.model.StepContainer.runSteps(StepContainer.java:39)&#13;
	at cucumber.runtime.model.CucumberScenario.run(CucumberScenario.java:48)&#13;
	at cucumber.runtime.junit.ExecutionUnitRunner.run(ExecutionUnitRunner.java:91)&#13;
	at cucumber.runtime.junit.FeatureRunner.runChild(FeatureRunner.java:63)&#13;
	at cucumber.runtime.junit.FeatureRunner.runChild(FeatureRunner.java:18)&#13;
	at org.junit.runners.ParentRunner$3.run(ParentRunner.java:238)&#13;
	at org.junit.runners.ParentRunner$1.schedule(ParentRunner.java:63)&#13;
	at org.junit.runners.ParentRunner.runChildren(ParentRunner.java:236)&#13;
	at org.junit.runners.ParentRunner.access$000(ParentRunner.java:53)&#13;
	at org.junit.runners.ParentRunner$2.evaluate(ParentRunner.java:229)&#13;
	at org.junit.runners.ParentRunner.run(ParentRunner.java:309)&#13;
	at cucumber.runtime.junit.FeatureRunner.run(FeatureRunner.java:70)&#13;
	at cucumber.api.junit.Cucumber.runChild(Cucumber.java:93)&#13;
	at cucumber.api.junit.Cucumber.runChild(Cucumber.java:37)&#13;
	at org.junit.runners.ParentRunner$3.run(ParentRunner.java:238)&#13;
	at org.junit.runners.ParentRunner$1.schedule(ParentRunner.java:63)&#13;
	at org.junit.runners.ParentRunner.runChildren(ParentRunner.java:236)&#13;
	at org.junit.runners.ParentRunner.access$000(ParentRunner.java:53)&#13;
	at org.junit.runners.ParentRunner$2.evaluate(ParentRunner.java:229)&#13;
	at org.junit.runners.ParentRunner.run(ParentRunner.java:309)&#13;
	at cucumber.api.junit.Cucumber.run(Cucumber.java:98)&#13;
	at org.eclipse.jdt.internal.junit4.runner.JUnit4TestReference.run(JUnit4TestReference.java:86)&#13;
	at org.eclipse.jdt.internal.junit.runner.TestExecution.run(TestExecution.java:38)&#13;
	at org.eclipse.jdt.internal.junit.runner.RemoteTestRunner.runTests(RemoteTestRunner.java:538)&#13;
	at org.eclipse.jdt.internal.junit.runner.RemoteTestRunner.runTests(RemoteTestRunner.java:760)&#13;
	at org.eclipse.jdt.internal.junit.runner.RemoteTestRunner.run(RemoteTestRunner.java:460)&#13;
	at org.eclipse.jdt.internal.junit.runner.RemoteTestRunner.main(RemoteTestRunner.java:206)&#13;
&#13;
cucumber.api.PendingException: TODO: implement me&#13;
	at cucumber.runtime.junit.JUnitReporter.addFailure(JUnitReporter.java:134)&#13;
	at cucumber.runtime.junit.JUnitReporter.addFailureOrIgnoreStep(JUnitReporter.java:122)&#13;
	at cucumber.runtime.junit.JUnitReporter.result(JUnitReporter.java:91)&#13;
	at cucumber.runtime.Runtime.runStep(Runtime.java:280)&#13;
	at cucumber.runtime.model.StepContainer.runStep(StepContainer.java:44)&#13;
	at cucumber.runtime.model.StepContainer.runSteps(StepContainer.java:39)&#13;
	at cucumber.runtime.model.CucumberScenario.run(CucumberScenario.java:48)&#13;
	at cucumber.runtime.junit.ExecutionUnitRunner.run(ExecutionUnitRunner.java:91)&#13;
	at cucumber.runtime.junit.FeatureRunner.runChild(FeatureRunner.java:63)&#13;
	at cucumber.runtime.junit.FeatureRunner.runChild(FeatureRunner.java:18)&#13;
	at org.junit.runners.ParentRunner$3.run(ParentRunner.java:238)&#13;
	at org.junit.runners.ParentRunner$1.schedule(ParentRunner.java:63)&#13;
	at org.junit.runners.ParentRunner.runChildren(ParentRunner.java:236)&#13;
	at org.junit.runners.ParentRunner.access$000(ParentRunner.java:53)&#13;
	at org.junit.runners.ParentRunner$2.evaluate(ParentRunner.java:229)&#13;
	at org.junit.runners.ParentRunner.run(ParentRunner.java:309)&#13;
	at cucumber.runtime.junit.FeatureRunner.run(FeatureRunner.java:70)&#13;
	at cucumber.api.junit.Cucumber.runChild(Cucumber.java:93)&#13;
	at cucumber.api.junit.Cucumber.runChild(Cucumber.java:37)&#13;
	at org.junit.runners.ParentRunner$3.run(ParentRunner.java:238)&#13;
	at org.junit.runners.ParentRunner$1.schedule(ParentRunner.java:63)&#13;
	at org.junit.runners.ParentRunner.runChildren(ParentRunner.java:236)&#13;
	at org.junit.runners.ParentRunner.access$000(ParentRunner.java:53)&#13;
	at org.junit.runners.ParentRunner$2.evaluate(ParentRunner.java:229)&#13;
	at org.junit.runners.ParentRunner.run(ParentRunner.java:309)&#13;
	at cucumber.api.junit.Cucumber.run(Cucumber.java:98)&#13;
	at org.eclipse.jdt.internal.junit4.runner.JUnit4TestReference.run(JUnit4TestReference.java:86)&#13;
	at org.eclipse.jdt.internal.junit.runner.TestExecution.run(TestExecution.java:38)&#13;
	at org.eclipse.jdt.internal.junit.runner.RemoteTestRunner.runTests(RemoteTestRunner.java:538)&#13;
	at org.eclipse.jdt.internal.junit.runner.RemoteTestRunner.runTests(RemoteTestRunner.java:760)&#13;
	at org.eclipse.jdt.internal.junit.runner.RemoteTestRunner.run(RemoteTestRunner.java:460)&#13;
	at org.eclipse.jdt.internal.junit.runner.RemoteTestRunner.main(RemoteTestRunner.java:206)&#13;
&#13;
cucumber.api.PendingException: TODO: implement me&#13;
	at cucumber.runtime.junit.JUnitReporter.addFailure(JUnitReporter.java:134)&#13;
	at cucumber.runtime.junit.JUnitReporter.addFailureOrIgnoreStep(JUnitReporter.java:122)&#13;
	at cucumber.runtime.junit.JUnitReporter.result(JUnitReporter.java:91)&#13;
	at cucumber.runtime.Runtime.runStep(Runtime.java:280)&#13;
	at cucumber.runtime.model.StepContainer.runStep(StepContainer.java:44)&#13;
	at cucumber.runtime.model.StepContainer.runSteps(StepContainer.java:39)&#13;
	at cucumber.runtime.model.CucumberScenario.run(CucumberScenario.java:48)&#13;
	at cucumber.runtime.junit.ExecutionUnitRunner.run(ExecutionUnitRunner.java:91)&#13;
	at cucumber.runtime.junit.FeatureRunner.runChild(FeatureRunner.java:63)&#13;
	at cucumber.runtime.junit.FeatureRunner.runChild(FeatureRunner.java:18)&#13;
	at org.junit.runners.ParentRunner$3.run(ParentRunner.java:238)&#13;
	at org.junit.runners.ParentRunner$1.schedule(ParentRunner.java:63)&#13;
	at org.junit.runners.ParentRunner.runChildren(ParentRunner.java:236)&#13;
	at org.junit.runners.ParentRunner.access$000(ParentRunner.java:53)&#13;
	at org.junit.runners.ParentRunner$2.evaluate(ParentRunner.java:229)&#13;
	at org.junit.runners.ParentRunner.run(ParentRunner.java:309)&#13;
	at cucumber.runtime.junit.FeatureRunner.run(FeatureRunner.java:70)&#13;
	at cucumber.api.junit.Cucumber.runChild(Cucumber.java:93)&#13;
	at cucumber.api.junit.Cucumber.runChild(Cucumber.java:37)&#13;
	at org.junit.runners.ParentRunner$3.run(ParentRunner.java:238)&#13;
	at org.junit.runners.ParentRunner$1.schedule(ParentRunner.java:63)&#13;
	at org.junit.runners.ParentRunner.runChildren(ParentRunner.java:236)&#13;
	at org.junit.runners.ParentRunner.access$000(ParentRunner.java:53)&#13;
	at org.junit.runners.ParentRunner$2.evaluate(ParentRunner.java:229)&#13;
	at org.junit.runners.ParentRunner.run(ParentRunner.java:309)&#13;
	at cucumber.api.junit.Cucumber.run(Cucumber.java:98)&#13;
	at org.eclipse.jdt.internal.junit4.runner.JUnit4TestReference.run(JUnit4TestReference.java:86)&#13;
	at org.eclipse.jdt.internal.junit.runner.TestExecution.run(TestExecution.java:38)&#13;
	at org.eclipse.jdt.internal.junit.runner.RemoteTestRunner.runTests(RemoteTestRunner.java:538)&#13;
	at org.eclipse.jdt.internal.junit.runner.RemoteTestRunner.runTests(RemoteTestRunner.java:760)&#13;
	at org.eclipse.jdt.internal.junit.runner.RemoteTestRunner.run(RemoteTestRunner.java:460)&#13;
	at org.eclipse.jdt.internal.junit.runner.RemoteTestRunner.main(RemoteTestRunner.java:206)&#13;
&#13;
</error>
        <testcase name="Given restaurants are open in my area" classname="Scenario: Search for user given restaurant with delivery option" time="0.0">
          <error>cucumber.api.PendingException: TODO: implement me&#13;
	at cucumber.runtime.junit.JUnitReporter.addFailure(JUnitReporter.java:134)&#13;
	at cucumber.runtime.junit.JUnitReporter.addFailureOrIgnoreStep(JUnitReporter.java:122)&#13;
	at cucumber.runtime.junit.JUnitReporter.result(JUnitReporter.java:91)&#13;
	at cucumber.runtime.Runtime.runStep(Runtime.java:280)&#13;
	at cucumber.runtime.model.StepContainer.runStep(StepContainer.java:44)&#13;
	at cucumber.runtime.model.StepContainer.runSteps(StepContainer.java:39)&#13;
	at cucumber.runtime.model.CucumberScenario.run(CucumberScenario.java:48)&#13;
	at cucumber.runtime.junit.ExecutionUnitRunner.run(ExecutionUnitRunner.java:91)&#13;
	at cucumber.runtime.junit.FeatureRunner.runChild(FeatureRunner.java:63)&#13;
	at cucumber.runtime.junit.FeatureRunner.runChild(FeatureRunner.java:18)&#13;
	at org.junit.runners.ParentRunner$3.run(ParentRunner.java:238)&#13;
	at org.junit.runners.ParentRunner$1.schedule(ParentRunner.java:63)&#13;
	at org.junit.runners.ParentRunner.runChildren(ParentRunner.java:236)&#13;
	at org.junit.runners.ParentRunner.access$000(ParentRunner.java:53)&#13;
	at org.junit.runners.ParentRunner$2.evaluate(ParentRunner.java:229)&#13;
	at org.junit.runners.ParentRunner.run(ParentRunner.java:309)&#13;
	at cucumber.runtime.junit.FeatureRunner.run(FeatureRunner.java:70)&#13;
	at cucumber.api.junit.Cucumber.runChild(Cucumber.java:93)&#13;
	at cucumber.api.junit.Cucumber.runChild(Cucumber.java:37)&#13;
	at org.junit.runners.ParentRunner$3.run(ParentRunner.java:238)&#13;
	at org.junit.runners.ParentRunner$1.schedule(ParentRunner.java:63)&#13;
	at org.junit.runners.ParentRunner.runChildren(ParentRunner.java:236)&#13;
	at org.junit.runners.ParentRunner.access$000(ParentRunner.java:53)&#13;
	at org.junit.runners.ParentRunner$2.evaluate(ParentRunner.java:229)&#13;
	at org.junit.runners.ParentRunner.run(ParentRunner.java:309)&#13;
	at cucumber.api.junit.Cucumber.run(Cucumber.java:98)&#13;
	at org.eclipse.jdt.internal.junit4.runner.JUnit4TestReference.run(JUnit4TestReference.java:86)&#13;
	at org.eclipse.jdt.internal.junit.runner.TestExecution.run(TestExecution.java:38)&#13;
	at org.eclipse.jdt.internal.junit.runner.RemoteTestRunner.runTests(RemoteTestRunner.java:538)&#13;
	at org.eclipse.jdt.internal.junit.runner.RemoteTestRunner.runTests(RemoteTestRunner.java:760)&#13;
	at org.eclipse.jdt.internal.junit.runner.RemoteTestRunner.run(RemoteTestRunner.java:460)&#13;
	at org.eclipse.jdt.internal.junit.runner.RemoteTestRunner.main(RemoteTestRunner.java:206)&#13;
&#13;
</error>
        </testcase>
        <testcase name="When Pizza Hut - Shell Menu restaurant is open" classname="Scenario: Search for user given restaurant with delivery option" time="0.001">
          <error>cucumber.api.PendingException: TODO: implement me&#13;
	at cucumber.runtime.junit.JUnitReporter.addFailure(JUnitReporter.java:134)&#13;
	at cucumber.runtime.junit.JUnitReporter.addFailureOrIgnoreStep(JUnitReporter.java:122)&#13;
	at cucumber.runtime.junit.JUnitReporter.result(JUnitReporter.java:91)&#13;
	at cucumber.runtime.Runtime.runStep(Runtime.java:280)&#13;
	at cucumber.runtime.model.StepContainer.runStep(StepContainer.java:44)&#13;
	at cucumber.runtime.model.StepContainer.runSteps(StepContainer.java:39)&#13;
	at cucumber.runtime.model.CucumberScenario.run(CucumberScenario.java:48)&#13;
	at cucumber.runtime.junit.ExecutionUnitRunner.run(ExecutionUnitRunner.java:91)&#13;
	at cucumber.runtime.junit.FeatureRunner.runChild(FeatureRunner.java:63)&#13;
	at cucumber.runtime.junit.FeatureRunner.runChild(FeatureRunner.java:18)&#13;
	at org.junit.runners.ParentRunner$3.run(ParentRunner.java:238)&#13;
	at org.junit.runners.ParentRunner$1.schedule(ParentRunner.java:63)&#13;
	at org.junit.runners.ParentRunner.runChildren(ParentRunner.java:236)&#13;
	at org.junit.runners.ParentRunner.access$000(ParentRunner.java:53)&#13;
	at org.junit.runners.ParentRunner$2.evaluate(ParentRunner.java:229)&#13;
	at org.junit.runners.ParentRunner.run(ParentRunner.java:309)&#13;
	at cucumber.runtime.junit.FeatureRunner.run(FeatureRunner.java:70)&#13;
	at cucumber.api.junit.Cucumber.runChild(Cucumber.java:93)&#13;
	at cucumber.api.junit.Cucumber.runChild(Cucumber.java:37)&#13;
	at org.junit.runners.ParentRunner$3.run(ParentRunner.java:238)&#13;
	at org.junit.runners.ParentRunner$1.schedule(ParentRunner.java:63)&#13;
	at org.junit.runners.ParentRunner.runChildren(ParentRunner.java:236)&#13;
	at org.junit.runners.ParentRunner.access$000(ParentRunner.java:53)&#13;
	at org.junit.runners.ParentRunner$2.evaluate(ParentRunner.java:229)&#13;
	at org.junit.runners.ParentRunner.run(ParentRunner.java:309)&#13;
	at cucumber.api.junit.Cucumber.run(Cucumber.java:98)&#13;
	at org.eclipse.jdt.internal.junit4.runner.JUnit4TestReference.run(JUnit4TestReference.java:86)&#13;
	at org.eclipse.jdt.internal.junit.runner.TestExecution.run(TestExecution.java:38)&#13;
	at org.eclipse.jdt.internal.junit.runner.RemoteTestRunner.runTests(RemoteTestRunner.java:538)&#13;
	at org.eclipse.jdt.internal.junit.runner.RemoteTestRunner.runTests(RemoteTestRunner.java:760)&#13;
	at org.eclipse.jdt.internal.junit.runner.RemoteTestRunner.run(RemoteTestRunner.java:460)&#13;
	at org.eclipse.jdt.internal.junit.runner.RemoteTestRunner.main(RemoteTestRunner.java:206)&#13;
&#13;
</error>
        </testcase>
        <testcase name="Then Check restaurant should have delivery option" classname="Scenario: Search for user given restaurant with delivery option" time="0.001">
          <error>cucumber.api.PendingException: TODO: implement me&#13;
	at cucumber.runtime.junit.JUnitReporter.addFailure(JUnitReporter.java:134)&#13;
	at cucumber.runtime.junit.JUnitReporter.addFailureOrIgnoreStep(JUnitReporter.java:122)&#13;
	at cucumber.runtime.junit.JUnitReporter.result(JUnitReporter.java:91)&#13;
	at cucumber.runtime.Runtime.runStep(Runtime.java:280)&#13;
	at cucumber.runtime.model.StepContainer.runStep(StepContainer.java:44)&#13;
	at cucumber.runtime.model.StepContainer.runSteps(StepContainer.java:39)&#13;
	at cucumber.runtime.model.CucumberScenario.run(CucumberScenario.java:48)&#13;
	at cucumber.runtime.junit.ExecutionUnitRunner.run(ExecutionUnitRunner.java:91)&#13;
	at cucumber.runtime.junit.FeatureRunner.runChild(FeatureRunner.java:63)&#13;
	at cucumber.runtime.junit.FeatureRunner.runChild(FeatureRunner.java:18)&#13;
	at org.junit.runners.ParentRunner$3.run(ParentRunner.java:238)&#13;
	at org.junit.runners.ParentRunner$1.schedule(ParentRunner.java:63)&#13;
	at org.junit.runners.ParentRunner.runChildren(ParentRunner.java:236)&#13;
	at org.junit.runners.ParentRunner.access$000(ParentRunner.java:53)&#13;
	at org.junit.runners.ParentRunner$2.evaluate(ParentRunner.java:229)&#13;
	at org.junit.runners.ParentRunner.run(ParentRunner.java:309)&#13;
	at cucumber.runtime.junit.FeatureRunner.run(FeatureRunner.java:70)&#13;
	at cucumber.api.junit.Cucumber.runChild(Cucumber.java:93)&#13;
	at cucumber.api.junit.Cucumber.runChild(Cucumber.java:37)&#13;
	at org.junit.runners.ParentRunner$3.run(ParentRunner.java:238)&#13;
	at org.junit.runners.ParentRunner$1.schedule(ParentRunner.java:63)&#13;
	at org.junit.runners.ParentRunner.runChildren(ParentRunner.java:236)&#13;
	at org.junit.runners.ParentRunner.access$000(ParentRunner.java:53)&#13;
	at org.junit.runners.ParentRunner$2.evaluate(ParentRunner.java:229)&#13;
	at org.junit.runners.ParentRunner.run(ParentRunner.java:309)&#13;
	at cucumber.api.junit.Cucumber.run(Cucumber.java:98)&#13;
	at org.eclipse.jdt.internal.junit4.runner.JUnit4TestReference.run(JUnit4TestReference.java:86)&#13;
	at org.eclipse.jdt.internal.junit.runner.TestExecution.run(TestExecution.java:38)&#13;
	at org.eclipse.jdt.internal.junit.runner.RemoteTestRunner.runTests(RemoteTestRunner.java:538)&#13;
	at org.eclipse.jdt.internal.junit.runner.RemoteTestRunner.runTests(RemoteTestRunner.java:760)&#13;
	at org.eclipse.jdt.internal.junit.runner.RemoteTestRunner.run(RemoteTestRunner.java:460)&#13;
	at org.eclipse.jdt.internal.junit.runner.RemoteTestRunner.main(RemoteTestRunner.java:206)&#13;
&#13;
</error>
        </testcase>
      </testsuite>
      <testsuite name="Scenario: Check if user given restaurant has 5 and above rating then select meal" time="0.001" incomplete="true">
        <error>cucumber.api.PendingException: TODO: implement me&#13;
	at cucumber.runtime.junit.JUnitReporter.addFailure(JUnitReporter.java:134)&#13;
	at cucumber.runtime.junit.JUnitReporter.addFailureOrIgnoreStep(JUnitReporter.java:122)&#13;
	at cucumber.runtime.junit.JUnitReporter.result(JUnitReporter.java:91)&#13;
	at cucumber.runtime.Runtime.runStep(Runtime.java:280)&#13;
	at cucumber.runtime.model.StepContainer.runStep(StepContainer.java:44)&#13;
	at cucumber.runtime.model.StepContainer.runSteps(StepContainer.java:39)&#13;
	at cucumber.runtime.model.CucumberScenario.run(CucumberScenario.java:48)&#13;
	at cucumber.runtime.junit.ExecutionUnitRunner.run(ExecutionUnitRunner.java:91)&#13;
	at cucumber.runtime.junit.FeatureRunner.runChild(FeatureRunner.java:63)&#13;
	at cucumber.runtime.junit.FeatureRunner.runChild(FeatureRunner.java:18)&#13;
	at org.junit.runners.ParentRunner$3.run(ParentRunner.java:238)&#13;
	at org.junit.runners.ParentRunner$1.schedule(ParentRunner.java:63)&#13;
	at org.junit.runners.ParentRunner.runChildren(ParentRunner.java:236)&#13;
	at org.junit.runners.ParentRunner.access$000(ParentRunner.java:53)&#13;
	at org.junit.runners.ParentRunner$2.evaluate(ParentRunner.java:229)&#13;
	at org.junit.runners.ParentRunner.run(ParentRunner.java:309)&#13;
	at cucumber.runtime.junit.FeatureRunner.run(FeatureRunner.java:70)&#13;
	at cucumber.api.junit.Cucumber.runChild(Cucumber.java:93)&#13;
	at cucumber.api.junit.Cucumber.runChild(Cucumber.java:37)&#13;
	at org.junit.runners.ParentRunner$3.run(ParentRunner.java:238)&#13;
	at org.junit.runners.ParentRunner$1.schedule(ParentRunner.java:63)&#13;
	at org.junit.runners.ParentRunner.runChildren(ParentRunner.java:236)&#13;
	at org.junit.runners.ParentRunner.access$000(ParentRunner.java:53)&#13;
	at org.junit.runners.ParentRunner$2.evaluate(ParentRunner.java:229)&#13;
	at org.junit.runners.ParentRunner.run(ParentRunner.java:309)&#13;
	at cucumber.api.junit.Cucumber.run(Cucumber.java:98)&#13;
	at org.eclipse.jdt.internal.junit4.runner.JUnit4TestReference.run(JUnit4TestReference.java:86)&#13;
	at org.eclipse.jdt.internal.junit.runner.TestExecution.run(TestExecution.java:38)&#13;
	at org.eclipse.jdt.internal.junit.runner.RemoteTestRunner.runTests(RemoteTestRunner.java:538)&#13;
	at org.eclipse.jdt.internal.junit.runner.RemoteTestRunner.runTests(RemoteTestRunner.java:760)&#13;
	at org.eclipse.jdt.internal.junit.runner.RemoteTestRunner.run(RemoteTestRunner.java:460)&#13;
	at org.eclipse.jdt.internal.junit.runner.RemoteTestRunner.main(RemoteTestRunner.java:206)&#13;
&#13;
cucumber.api.PendingException: TODO: implement me&#13;
	at cucumber.runtime.junit.JUnitReporter.addFailure(JUnitReporter.java:134)&#13;
	at cucumber.runtime.junit.JUnitReporter.addFailureOrIgnoreStep(JUnitReporter.java:122)&#13;
	at cucumber.runtime.junit.JUnitReporter.result(JUnitReporter.java:91)&#13;
	at cucumber.runtime.Runtime.runStep(Runtime.java:280)&#13;
	at cucumber.runtime.model.StepContainer.runStep(StepContainer.java:44)&#13;
	at cucumber.runtime.model.StepContainer.runSteps(StepContainer.java:39)&#13;
	at cucumber.runtime.model.CucumberScenario.run(CucumberScenario.java:48)&#13;
	at cucumber.runtime.junit.ExecutionUnitRunner.run(ExecutionUnitRunner.java:91)&#13;
	at cucumber.runtime.junit.FeatureRunner.runChild(FeatureRunner.java:63)&#13;
	at cucumber.runtime.junit.FeatureRunner.runChild(FeatureRunner.java:18)&#13;
	at org.junit.runners.ParentRunner$3.run(ParentRunner.java:238)&#13;
	at org.junit.runners.ParentRunner$1.schedule(ParentRunner.java:63)&#13;
	at org.junit.runners.ParentRunner.runChildren(ParentRunner.java:236)&#13;
	at org.junit.runners.ParentRunner.access$000(ParentRunner.java:53)&#13;
	at org.junit.runners.ParentRunner$2.evaluate(ParentRunner.java:229)&#13;
	at org.junit.runners.ParentRunner.run(ParentRunner.java:309)&#13;
	at cucumber.runtime.junit.FeatureRunner.run(FeatureRunner.java:70)&#13;
	at cucumber.api.junit.Cucumber.runChild(Cucumber.java:93)&#13;
	at cucumber.api.junit.Cucumber.runChild(Cucumber.java:37)&#13;
	at org.junit.runners.ParentRunner$3.run(ParentRunner.java:238)&#13;
	at org.junit.runners.ParentRunner$1.schedule(ParentRunner.java:63)&#13;
	at org.junit.runners.ParentRunner.runChildren(ParentRunner.java:236)&#13;
	at org.junit.runners.ParentRunner.access$000(ParentRunner.java:53)&#13;
	at org.junit.runners.ParentRunner$2.evaluate(ParentRunner.java:229)&#13;
	at org.junit.runners.ParentRunner.run(ParentRunner.java:309)&#13;
	at cucumber.api.junit.Cucumber.run(Cucumber.java:98)&#13;
	at org.eclipse.jdt.internal.junit4.runner.JUnit4TestReference.run(JUnit4TestReference.java:86)&#13;
	at org.eclipse.jdt.internal.junit.runner.TestExecution.run(TestExecution.java:38)&#13;
	at org.eclipse.jdt.internal.junit.runner.RemoteTestRunner.runTests(RemoteTestRunner.java:538)&#13;
	at org.eclipse.jdt.internal.junit.runner.RemoteTestRunner.runTests(RemoteTestRunner.java:760)&#13;
	at org.eclipse.jdt.internal.junit.runner.RemoteTestRunner.run(RemoteTestRunner.java:460)&#13;
	at org.eclipse.jdt.internal.junit.runner.RemoteTestRunner.main(RemoteTestRunner.java:206)&#13;
&#13;
cucumber.api.PendingException: TODO: implement me&#13;
	at cucumber.runtime.junit.JUnitReporter.addFailure(JUnitReporter.java:134)&#13;
	at cucumber.runtime.junit.JUnitReporter.addFailureOrIgnoreStep(JUnitReporter.java:122)&#13;
	at cucumber.runtime.junit.JUnitReporter.result(JUnitReporter.java:91)&#13;
	at cucumber.runtime.Runtime.runStep(Runtime.java:280)&#13;
	at cucumber.runtime.model.StepContainer.runStep(StepContainer.java:44)&#13;
	at cucumber.runtime.model.StepContainer.runSteps(StepContainer.java:39)&#13;
	at cucumber.runtime.model.CucumberScenario.run(CucumberScenario.java:48)&#13;
	at cucumber.runtime.junit.ExecutionUnitRunner.run(ExecutionUnitRunner.java:91)&#13;
	at cucumber.runtime.junit.FeatureRunner.runChild(FeatureRunner.java:63)&#13;
	at cucumber.runtime.junit.FeatureRunner.runChild(FeatureRunner.java:18)&#13;
	at org.junit.runners.ParentRunner$3.run(ParentRunner.java:238)&#13;
	at org.junit.runners.ParentRunner$1.schedule(ParentRunner.java:63)&#13;
	at org.junit.runners.ParentRunner.runChildren(ParentRunner.java:236)&#13;
	at org.junit.runners.ParentRunner.access$000(ParentRunner.java:53)&#13;
	at org.junit.runners.ParentRunner$2.evaluate(ParentRunner.java:229)&#13;
	at org.junit.runners.ParentRunner.run(ParentRunner.java:309)&#13;
	at cucumber.runtime.junit.FeatureRunner.run(FeatureRunner.java:70)&#13;
	at cucumber.api.junit.Cucumber.runChild(Cucumber.java:93)&#13;
	at cucumber.api.junit.Cucumber.runChild(Cucumber.java:37)&#13;
	at org.junit.runners.ParentRunner$3.run(ParentRunner.java:238)&#13;
	at org.junit.runners.ParentRunner$1.schedule(ParentRunner.java:63)&#13;
	at org.junit.runners.ParentRunner.runChildren(ParentRunner.java:236)&#13;
	at org.junit.runners.ParentRunner.access$000(ParentRunner.java:53)&#13;
	at org.junit.runners.ParentRunner$2.evaluate(ParentRunner.java:229)&#13;
	at org.junit.runners.ParentRunner.run(ParentRunner.java:309)&#13;
	at cucumber.api.junit.Cucumber.run(Cucumber.java:98)&#13;
	at org.eclipse.jdt.internal.junit4.runner.JUnit4TestReference.run(JUnit4TestReference.java:86)&#13;
	at org.eclipse.jdt.internal.junit.runner.TestExecution.run(TestExecution.java:38)&#13;
	at org.eclipse.jdt.internal.junit.runner.RemoteTestRunner.runTests(RemoteTestRunner.java:538)&#13;
	at org.eclipse.jdt.internal.junit.runner.RemoteTestRunner.runTests(RemoteTestRunner.java:760)&#13;
	at org.eclipse.jdt.internal.junit.runner.RemoteTestRunner.run(RemoteTestRunner.java:460)&#13;
	at org.eclipse.jdt.internal.junit.runner.RemoteTestRunner.main(RemoteTestRunner.java:206)&#13;
&#13;
</error>
        <testcase name="When Pizza Hut - Shell Menu restaurant has 5 and above rating" classname="Scenario: Check if user given restaurant has 5 and above rating then select meal" time="0.001">
          <error>cucumber.api.PendingException: TODO: implement me&#13;
	at cucumber.runtime.junit.JUnitReporter.addFailure(JUnitReporter.java:134)&#13;
	at cucumber.runtime.junit.JUnitReporter.addFailureOrIgnoreStep(JUnitReporter.java:122)&#13;
	at cucumber.runtime.junit.JUnitReporter.result(JUnitReporter.java:91)&#13;
	at cucumber.runtime.Runtime.runStep(Runtime.java:280)&#13;
	at cucumber.runtime.model.StepContainer.runStep(StepContainer.java:44)&#13;
	at cucumber.runtime.model.StepContainer.runSteps(StepContainer.java:39)&#13;
	at cucumber.runtime.model.CucumberScenario.run(CucumberScenario.java:48)&#13;
	at cucumber.runtime.junit.ExecutionUnitRunner.run(ExecutionUnitRunner.java:91)&#13;
	at cucumber.runtime.junit.FeatureRunner.runChild(FeatureRunner.java:63)&#13;
	at cucumber.runtime.junit.FeatureRunner.runChild(FeatureRunner.java:18)&#13;
	at org.junit.runners.ParentRunner$3.run(ParentRunner.java:238)&#13;
	at org.junit.runners.ParentRunner$1.schedule(ParentRunner.java:63)&#13;
	at org.junit.runners.ParentRunner.runChildren(ParentRunner.java:236)&#13;
	at org.junit.runners.ParentRunner.access$000(ParentRunner.java:53)&#13;
	at org.junit.runners.ParentRunner$2.evaluate(ParentRunner.java:229)&#13;
	at org.junit.runners.ParentRunner.run(ParentRunner.java:309)&#13;
	at cucumber.runtime.junit.FeatureRunner.run(FeatureRunner.java:70)&#13;
	at cucumber.api.junit.Cucumber.runChild(Cucumber.java:93)&#13;
	at cucumber.api.junit.Cucumber.runChild(Cucumber.java:37)&#13;
	at org.junit.runners.ParentRunner$3.run(ParentRunner.java:238)&#13;
	at org.junit.runners.ParentRunner$1.schedule(ParentRunner.java:63)&#13;
	at org.junit.runners.ParentRunner.runChildren(ParentRunner.java:236)&#13;
	at org.junit.runners.ParentRunner.access$000(ParentRunner.java:53)&#13;
	at org.junit.runners.ParentRunner$2.evaluate(ParentRunner.java:229)&#13;
	at org.junit.runners.ParentRunner.run(ParentRunner.java:309)&#13;
	at cucumber.api.junit.Cucumber.run(Cucumber.java:98)&#13;
	at org.eclipse.jdt.internal.junit4.runner.JUnit4TestReference.run(JUnit4TestReference.java:86)&#13;
	at org.eclipse.jdt.internal.junit.runner.TestExecution.run(TestExecution.java:38)&#13;
	at org.eclipse.jdt.internal.junit.runner.RemoteTestRunner.runTests(RemoteTestRunner.java:538)&#13;
	at org.eclipse.jdt.internal.junit.runner.RemoteTestRunner.runTests(RemoteTestRunner.java:760)&#13;
	at org.eclipse.jdt.internal.junit.runner.RemoteTestRunner.run(RemoteTestRunner.java:460)&#13;
	at org.eclipse.jdt.internal.junit.runner.RemoteTestRunner.main(RemoteTestRunner.java:206)&#13;
&#13;
</error>
        </testcase>
        <testcase name="Then Select meal" classname="Scenario: Check if user given restaurant has 5 and above rating then select meal" time="0.001">
          <error>cucumber.api.PendingException: TODO: implement me&#13;
	at cucumber.runtime.junit.JUnitReporter.addFailure(JUnitReporter.java:134)&#13;
	at cucumber.runtime.junit.JUnitReporter.addFailureOrIgnoreStep(JUnitReporter.java:122)&#13;
	at cucumber.runtime.junit.JUnitReporter.result(JUnitReporter.java:91)&#13;
	at cucumber.runtime.Runtime.runStep(Runtime.java:280)&#13;
	at cucumber.runtime.model.StepContainer.runStep(StepContainer.java:44)&#13;
	at cucumber.runtime.model.StepContainer.runSteps(StepContainer.java:39)&#13;
	at cucumber.runtime.model.CucumberScenario.run(CucumberScenario.java:48)&#13;
	at cucumber.runtime.junit.ExecutionUnitRunner.run(ExecutionUnitRunner.java:91)&#13;
	at cucumber.runtime.junit.FeatureRunner.runChild(FeatureRunner.java:63)&#13;
	at cucumber.runtime.junit.FeatureRunner.runChild(FeatureRunner.java:18)&#13;
	at org.junit.runners.ParentRunner$3.run(ParentRunner.java:238)&#13;
	at org.junit.runners.ParentRunner$1.schedule(ParentRunner.java:63)&#13;
	at org.junit.runners.ParentRunner.runChildren(ParentRunner.java:236)&#13;
	at org.junit.runners.ParentRunner.access$000(ParentRunner.java:53)&#13;
	at org.junit.runners.ParentRunner$2.evaluate(ParentRunner.java:229)&#13;
	at org.junit.runners.ParentRunner.run(ParentRunner.java:309)&#13;
	at cucumber.runtime.junit.FeatureRunner.run(FeatureRunner.java:70)&#13;
	at cucumber.api.junit.Cucumber.runChild(Cucumber.java:93)&#13;
	at cucumber.api.junit.Cucumber.runChild(Cucumber.java:37)&#13;
	at org.junit.runners.ParentRunner$3.run(ParentRunner.java:238)&#13;
	at org.junit.runners.ParentRunner$1.schedule(ParentRunner.java:63)&#13;
	at org.junit.runners.ParentRunner.runChildren(ParentRunner.java:236)&#13;
	at org.junit.runners.ParentRunner.access$000(ParentRunner.java:53)&#13;
	at org.junit.runners.ParentRunner$2.evaluate(ParentRunner.java:229)&#13;
	at org.junit.runners.ParentRunner.run(ParentRunner.java:309)&#13;
	at cucumber.api.junit.Cucumber.run(Cucumber.java:98)&#13;
	at org.eclipse.jdt.internal.junit4.runner.JUnit4TestReference.run(JUnit4TestReference.java:86)&#13;
	at org.eclipse.jdt.internal.junit.runner.TestExecution.run(TestExecution.java:38)&#13;
	at org.eclipse.jdt.internal.junit.runner.RemoteTestRunner.runTests(RemoteTestRunner.java:538)&#13;
	at org.eclipse.jdt.internal.junit.runner.RemoteTestRunner.runTests(RemoteTestRunner.java:760)&#13;
	at org.eclipse.jdt.internal.junit.runner.RemoteTestRunner.run(RemoteTestRunner.java:460)&#13;
	at org.eclipse.jdt.internal.junit.runner.RemoteTestRunner.main(RemoteTestRunner.java:206)&#13;
&#13;
</error>
        </testcase>
        <testcase name="Then Meal should be added to Basket" classname="Scenario: Check if user given restaurant has 5 and above rating then select meal" time="0.001">
          <error>cucumber.api.PendingException: TODO: implement me&#13;
	at cucumber.runtime.junit.JUnitReporter.addFailure(JUnitReporter.java:134)&#13;
	at cucumber.runtime.junit.JUnitReporter.addFailureOrIgnoreStep(JUnitReporter.java:122)&#13;
	at cucumber.runtime.junit.JUnitReporter.result(JUnitReporter.java:91)&#13;
	at cucumber.runtime.Runtime.runStep(Runtime.java:280)&#13;
	at cucumber.runtime.model.StepContainer.runStep(StepContainer.java:44)&#13;
	at cucumber.runtime.model.StepContainer.runSteps(StepContainer.java:39)&#13;
	at cucumber.runtime.model.CucumberScenario.run(CucumberScenario.java:48)&#13;
	at cucumber.runtime.junit.ExecutionUnitRunner.run(ExecutionUnitRunner.java:91)&#13;
	at cucumber.runtime.junit.FeatureRunner.runChild(FeatureRunner.java:63)&#13;
	at cucumber.runtime.junit.FeatureRunner.runChild(FeatureRunner.java:18)&#13;
	at org.junit.runners.ParentRunner$3.run(ParentRunner.java:238)&#13;
	at org.junit.runners.ParentRunner$1.schedule(ParentRunner.java:63)&#13;
	at org.junit.runners.ParentRunner.runChildren(ParentRunner.java:236)&#13;
	at org.junit.runners.ParentRunner.access$000(ParentRunner.java:53)&#13;
	at org.junit.runners.ParentRunner$2.evaluate(ParentRunner.java:229)&#13;
	at org.junit.runners.ParentRunner.run(ParentRunner.java:309)&#13;
	at cucumber.runtime.junit.FeatureRunner.run(FeatureRunner.java:70)&#13;
	at cucumber.api.junit.Cucumber.runChild(Cucumber.java:93)&#13;
	at cucumber.api.junit.Cucumber.runChild(Cucumber.java:37)&#13;
	at org.junit.runners.ParentRunner$3.run(ParentRunner.java:238)&#13;
	at org.junit.runners.ParentRunner$1.schedule(ParentRunner.java:63)&#13;
	at org.junit.runners.ParentRunner.runChildren(ParentRunner.java:236)&#13;
	at org.junit.runners.ParentRunner.access$000(ParentRunner.java:53)&#13;
	at org.junit.runners.ParentRunner$2.evaluate(ParentRunner.java:229)&#13;
	at org.junit.runners.ParentRunner.run(ParentRunner.java:309)&#13;
	at cucumber.api.junit.Cucumber.run(Cucumber.java:98)&#13;
	at org.eclipse.jdt.internal.junit4.runner.JUnit4TestReference.run(JUnit4TestReference.java:86)&#13;
	at org.eclipse.jdt.internal.junit.runner.TestExecution.run(TestExecution.java:38)&#13;
	at org.eclipse.jdt.internal.junit.runner.RemoteTestRunner.runTests(RemoteTestRunner.java:538)&#13;
	at org.eclipse.jdt.internal.junit.runner.RemoteTestRunner.runTests(RemoteTestRunner.java:760)&#13;
	at org.eclipse.jdt.internal.junit.runner.RemoteTestRunner.run(RemoteTestRunner.java:460)&#13;
	at org.eclipse.jdt.internal.junit.runner.RemoteTestRunner.main(RemoteTestRunner.java:206)&#13;
&#13;
</error>
        </testcase>
      </testsuite>
    </testsuite>
  </testsuite>
</testrun>
